# JRE version: OpenJDK Runtime Environment (17.0.11) (build 17.0.11+0--11852314)
# Java VM: OpenJDK 64-Bit Server VM (17.0.11+0--11852314, mixed mode, tiered, compressed oops, compressed class ptrs, g1 gc, windows-amd64)
GC Precious Log:
 CPUs: 8 total, 8 available
 Memory: 7928M
 Large Page Support: Disabled
 NUMA Support: Disabled
 Compressed Oops: Enabled (32-bit)
 Heap Region Size: 1M
 Heap Min Capacity: 8M
 Heap Initial Capacity: 124M
 Heap Max Capacity: 2G
 Pre-touch: Disabled
 Parallel Workers: 8
 Concurrent Workers: 2
 Concurrent Refinement Workers: 8
 Periodic GC: Disabled
Heap:
 garbage-first heap   total 149504K, used 92204K [0x0000000080000000, 0x0000000100000000)
  region size 1024K, 29 young (29696K), 5 survivors (5120K)
 Metaspace       used 70347K, committed 70912K, reserved 1114112K
  class space    used 9532K, committed 9792K, reserved 1048576K
GC Heap History (20 events):
Event: 19.780 GC heap before
{Heap before GC invocations=20 (full 0):
 garbage-first heap   total 75776K, used 43406K [0x0000000080000000, 0x0000000100000000)
  region size 1024K, 5 young (5120K), 3 survivors (3072K)
 Metaspace       used 56251K, committed 56832K, reserved 1114112K
  class space    used 7704K, committed 8000K, reserved 1048576K
}
Event: 19.783 GC heap after
{Heap after GC invocations=21 (full 0):
 garbage-first heap   total 75776K, used 44865K [0x0000000080000000, 0x0000000100000000)
  region size 1024K, 2 young (2048K), 2 survivors (2048K)
 Metaspace       used 56251K, committed 56832K, reserved 1114112K
  class space    used 7704K, committed 8000K, reserved 1048576K
}
Event: 20.060 GC heap before
{Heap before GC invocations=22 (full 0):
 garbage-first heap   total 87040K, used 65345K [0x0000000080000000, 0x0000000100000000)
  region size 1024K, 12 young (12288K), 2 survivors (2048K)
 Metaspace       used 56449K, committed 56960K, reserved 1114112K
  class space    used 7725K, committed 8000K, reserved 1048576K
}
Event: 20.063 GC heap after
{Heap after GC invocations=23 (full 0):
 garbage-first heap   total 87040K, used 61049K [0x0000000080000000, 0x0000000100000000)
  region size 1024K, 2 young (2048K), 2 survivors (2048K)
 Metaspace       used 56449K, committed 56960K, reserved 1114112K
  class space    used 7725K, committed 8000K, reserved 1048576K
}
Event: 20.103 GC heap before
{Heap before GC invocations=23 (full 0):
 garbage-first heap   total 87040K, used 63097K [0x0000000080000000, 0x0000000100000000)
  region size 1024K, 4 young (4096K), 2 survivors (2048K)
 Metaspace       used 56618K, committed 57088K, reserved 1114112K
  class space    used 7756K, committed 8000K, reserved 1048576K
}
Event: 20.106 GC heap after
{Heap after GC invocations=24 (full 0):
 garbage-first heap   total 87040K, used 60986K [0x0000000080000000, 0x0000000100000000)
  region size 1024K, 1 young (1024K), 1 survivors (1024K)
 Metaspace       used 56618K, committed 57088K, reserved 1114112K
  class space    used 7756K, committed 8000K, reserved 1048576K
}
Event: 20.224 GC heap before
{Heap before GC invocations=24 (full 0):
 garbage-first heap   total 87040K, used 66106K [0x0000000080000000, 0x0000000100000000)
  region size 1024K, 7 young (7168K), 1 survivors (1024K)
 Metaspace       used 57075K, committed 57600K, reserved 1114112K
  class space    used 7828K, committed 8128K, reserved 1048576K
}
Event: 20.226 GC heap after
{Heap after GC invocations=25 (full 0):
 garbage-first heap   total 87040K, used 61259K [0x0000000080000000, 0x0000000100000000)
  region size 1024K, 1 young (1024K), 1 survivors (1024K)
 Metaspace       used 57075K, committed 57600K, reserved 1114112K
  class space    used 7828K, committed 8128K, reserved 1048576K
}
Event: 20.345 GC heap before
{Heap before GC invocations=26 (full 0):
 garbage-first heap   total 109568K, used 67403K [0x0000000080000000, 0x0000000100000000)
  region size 1024K, 8 young (8192K), 1 survivors (1024K)
 Metaspace       used 57563K, committed 58048K, reserved 1114112K
  class space    used 7875K, committed 8128K, reserved 1048576K
}
Event: 20.347 GC heap after
{Heap after GC invocations=27 (full 0):
 garbage-first heap   total 109568K, used 61637K [0x0000000080000000, 0x0000000100000000)
  region size 1024K, 1 young (1024K), 1 survivors (1024K)
 Metaspace       used 57563K, committed 58048K, reserved 1114112K
  class space    used 7875K, committed 8128K, reserved 1048576K
}
Event: 20.424 GC heap before
{Heap before GC invocations=27 (full 0):
 garbage-first heap   total 109568K, used 66757K [0x0000000080000000, 0x0000000100000000)
  region size 1024K, 5 young (5120K), 1 survivors (1024K)
 Metaspace       used 57844K, committed 58368K, reserved 1114112K
  class space    used 7917K, committed 8192K, reserved 1048576K
}
Event: 20.429 GC heap after
{Heap after GC invocations=28 (full 0):
 garbage-first heap   total 109568K, used 62393K [0x0000000080000000, 0x0000000100000000)
  region size 1024K, 1 young (1024K), 1 survivors (1024K)
 Metaspace       used 57844K, committed 58368K, reserved 1114112K
  class space    used 7917K, committed 8192K, reserved 1048576K
}
Event: 20.863 GC heap before
{Heap before GC invocations=28 (full 0):
 garbage-first heap   total 109568K, used 82873K [0x0000000080000000, 0x0000000100000000)
  region size 1024K, 21 young (21504K), 1 survivors (1024K)
 Metaspace       used 59525K, committed 60160K, reserved 1114112K
  class space    used 8146K, committed 8448K, reserved 1048576K
}
Event: 20.867 GC heap after
{Heap after GC invocations=29 (full 0):
 garbage-first heap   total 149504K, used 62819K [0x0000000080000000, 0x0000000100000000)
  region size 1024K, 1 young (1024K), 1 survivors (1024K)
 Metaspace       used 59525K, committed 60160K, reserved 1114112K
  class space    used 8146K, committed 8448K, reserved 1048576K
}
Event: 22.311 GC heap before
{Heap before GC invocations=30 (full 0):
 garbage-first heap   total 149504K, used 109923K [0x0000000080000000, 0x0000000100000000)
  region size 1024K, 47 young (48128K), 1 survivors (1024K)
 Metaspace       used 64380K, committed 65024K, reserved 1114112K
  class space    used 8763K, committed 9088K, reserved 1048576K
}
Event: 22.315 GC heap after
{Heap after GC invocations=31 (full 0):
 garbage-first heap   total 149504K, used 64190K [0x0000000080000000, 0x0000000100000000)
  region size 1024K, 2 young (2048K), 2 survivors (2048K)
 Metaspace       used 64380K, committed 65024K, reserved 1114112K
  class space    used 8763K, committed 9088K, reserved 1048576K
}
Event: 22.438 GC heap before
{Heap before GC invocations=31 (full 0):
 garbage-first heap   total 149504K, used 69310K [0x0000000080000000, 0x0000000100000000)
  region size 1024K, 7 young (7168K), 2 survivors (2048K)
 Metaspace       used 64871K, committed 65472K, reserved 1114112K
  class space    used 8844K, committed 9152K, reserved 1048576K
}
Event: 22.442 GC heap after
{Heap after GC invocations=32 (full 0):
 garbage-first heap   total 149504K, used 63951K [0x0000000080000000, 0x0000000100000000)
  region size 1024K, 1 young (1024K), 1 survivors (1024K)
 Metaspace       used 64871K, committed 65472K, reserved 1114112K
  class space    used 8844K, committed 9152K, reserved 1048576K
}
Event: 23.552 GC heap before
{Heap before GC invocations=32 (full 0):
 garbage-first heap   total 149504K, used 120271K [0x0000000080000000, 0x0000000100000000)
  region size 1024K, 50 young (51200K), 1 survivors (1024K)
 Metaspace       used 68638K, committed 69184K, reserved 1114112K
  class space    used 9323K, committed 9600K, reserved 1048576K
}
Event: 23.557 GC heap after
{Heap after GC invocations=33 (full 0):
 garbage-first heap   total 149504K, used 68652K [0x0000000080000000, 0x0000000100000000)
  region size 1024K, 5 young (5120K), 5 survivors (5120K)
 Metaspace       used 68638K, committed 69184K, reserved 1114112K
  class space    used 9323K, committed 9600K, reserved 1048576K
}

